{"total": {"lines":{"total":324,"covered":78,"skipped":0,"pct":24.07},"statements":{"total":338,"covered":78,"skipped":0,"pct":23.07},"functions":{"total":110,"covered":15,"skipped":0,"pct":13.63},"branches":{"total":41,"covered":15,"skipped":0,"pct":36.58},"branchesTrue":{"total":0,"covered":0,"skipped":0,"pct":"Unknown"}}
,"/Users/nikitzykov/ZProjects/nzcom/nzcom-tact/build/NzComTact/tact_NzComTact.ts": {"lines":{"total":324,"covered":78,"skipped":0,"pct":24.07},"functions":{"total":110,"covered":15,"skipped":0,"pct":13.63},"statements":{"total":338,"covered":78,"skipped":0,"pct":23.07},"branches":{"total":41,"covered":15,"skipped":0,"pct":36.58}}
}
